<?xml version="1.0" encoding="UTF-8"?>
<testng-results ignored="0" total="17" passed="17" failed="0" skipped="0">
  <reporter-output>
  </reporter-output>
  <suite started-at="2025-03-24T13:53:47 WIB" name="Surefire suite" finished-at="2025-03-24T13:54:47 WIB" duration-ms="59884">
    <groups>
      <group name="cucumber">
        <method signature="AbstractTestNGCucumberTests.runScenario(io.cucumber.testng.PickleWrapper,io.cucumber.testng.FeatureWrapper)[pri:0, instance:runners.TestRunner@6d7fc27]" name="runScenario" class="io.cucumber.testng.AbstractTestNGCucumberTests"/>
      </group> <!-- cucumber -->
    </groups>
    <test started-at="2025-03-24T13:53:47 WIB" name="Surefire test" finished-at="2025-03-24T13:54:47 WIB" duration-ms="59884">
      <class name="runners.TestRunner">
        <test-method is-config="true" signature="setUpClass(org.testng.ITestContext)[pri:0, instance:runners.TestRunner@6d7fc27]" started-at="2025-03-24T13:53:47 WIB" name="setUpClass" finished-at="2025-03-24T13:53:47 WIB" duration-ms="235" status="PASS">
          <params>
            <param index="0">
              <value>
                <![CDATA[org.testng.TestRunner@3d718248]]>
              </value>
            </param>
          </params>
          <reporter-output>
          </reporter-output>
        </test-method> <!-- setUpClass -->
        <test-method signature="runScenario(io.cucumber.testng.PickleWrapper,io.cucumber.testng.FeatureWrapper)[pri:0, instance:runners.TestRunner@6d7fc27]" started-at="2025-03-24T13:53:47 WIB" name="runScenario" description="Runs Cucumber Scenarios" data-provider="scenarios" finished-at="2025-03-24T13:53:51 WIB" duration-ms="4131" status="PASS">
          <params>
            <param index="0">
              <value>
                <![CDATA["User selects a product and completes the checkout process"]]>
              </value>
            </param>
            <param index="1">
              <value>
                <![CDATA["Checkout functionality on SauceDemo"]]>
              </value>
            </param>
          </params>
          <reporter-output>
          </reporter-output>
        </test-method> <!-- runScenario -->
        <test-method signature="runScenario(io.cucumber.testng.PickleWrapper,io.cucumber.testng.FeatureWrapper)[pri:0, instance:runners.TestRunner@6d7fc27]" started-at="2025-03-24T13:53:51 WIB" name="runScenario" description="Runs Cucumber Scenarios" data-provider="scenarios" finished-at="2025-03-24T13:53:56 WIB" duration-ms="4583" status="PASS">
          <params>
            <param index="0">
              <value>
                <![CDATA["User fails to checkout with empty first name"]]>
              </value>
            </param>
            <param index="1">
              <value>
                <![CDATA["Checkout functionality on SauceDemo"]]>
              </value>
            </param>
          </params>
          <reporter-output>
          </reporter-output>
        </test-method> <!-- runScenario -->
        <test-method signature="runScenario(io.cucumber.testng.PickleWrapper,io.cucumber.testng.FeatureWrapper)[pri:0, instance:runners.TestRunner@6d7fc27]" started-at="2025-03-24T13:53:56 WIB" name="runScenario" description="Runs Cucumber Scenarios" data-provider="scenarios" finished-at="2025-03-24T13:54:01 WIB" duration-ms="4795" status="PASS">
          <params>
            <param index="0">
              <value>
                <![CDATA["User fails to checkout with empty last name"]]>
              </value>
            </param>
            <param index="1">
              <value>
                <![CDATA["Checkout functionality on SauceDemo"]]>
              </value>
            </param>
          </params>
          <reporter-output>
          </reporter-output>
        </test-method> <!-- runScenario -->
        <test-method signature="runScenario(io.cucumber.testng.PickleWrapper,io.cucumber.testng.FeatureWrapper)[pri:0, instance:runners.TestRunner@6d7fc27]" started-at="2025-03-24T13:54:01 WIB" name="runScenario" description="Runs Cucumber Scenarios" data-provider="scenarios" finished-at="2025-03-24T13:54:05 WIB" duration-ms="4868" status="PASS">
          <params>
            <param index="0">
              <value>
                <![CDATA["User fails to checkout with empty postal code"]]>
              </value>
            </param>
            <param index="1">
              <value>
                <![CDATA["Checkout functionality on SauceDemo"]]>
              </value>
            </param>
          </params>
          <reporter-output>
          </reporter-output>
        </test-method> <!-- runScenario -->
        <test-method signature="runScenario(io.cucumber.testng.PickleWrapper,io.cucumber.testng.FeatureWrapper)[pri:0, instance:runners.TestRunner@6d7fc27]" started-at="2025-03-24T13:54:05 WIB" name="runScenario" description="Runs Cucumber Scenarios" data-provider="scenarios" finished-at="2025-03-24T13:54:12 WIB" duration-ms="6290" status="PASS">
          <params>
            <param index="0">
              <value>
                <![CDATA["User successfully logs in with valid credentials"]]>
              </value>
            </param>
            <param index="1">
              <value>
                <![CDATA["Login functionality on SauceDemo"]]>
              </value>
            </param>
          </params>
          <reporter-output>
          </reporter-output>
        </test-method> <!-- runScenario -->
        <test-method signature="runScenario(io.cucumber.testng.PickleWrapper,io.cucumber.testng.FeatureWrapper)[pri:0, instance:runners.TestRunner@6d7fc27]" started-at="2025-03-24T13:54:12 WIB" name="runScenario" description="Runs Cucumber Scenarios" data-provider="scenarios" finished-at="2025-03-24T13:54:15 WIB" duration-ms="3353" status="PASS">
          <params>
            <param index="0">
              <value>
                <![CDATA["User fails to log in with incorrect username"]]>
              </value>
            </param>
            <param index="1">
              <value>
                <![CDATA["Login functionality on SauceDemo"]]>
              </value>
            </param>
          </params>
          <reporter-output>
          </reporter-output>
        </test-method> <!-- runScenario -->
        <test-method signature="runScenario(io.cucumber.testng.PickleWrapper,io.cucumber.testng.FeatureWrapper)[pri:0, instance:runners.TestRunner@6d7fc27]" started-at="2025-03-24T13:54:15 WIB" name="runScenario" description="Runs Cucumber Scenarios" data-provider="scenarios" finished-at="2025-03-24T13:54:20 WIB" duration-ms="4421" status="PASS">
          <params>
            <param index="0">
              <value>
                <![CDATA["User fails to log in with incorrect password"]]>
              </value>
            </param>
            <param index="1">
              <value>
                <![CDATA["Login functionality on SauceDemo"]]>
              </value>
            </param>
          </params>
          <reporter-output>
          </reporter-output>
        </test-method> <!-- runScenario -->
        <test-method signature="runScenario(io.cucumber.testng.PickleWrapper,io.cucumber.testng.FeatureWrapper)[pri:0, instance:runners.TestRunner@6d7fc27]" started-at="2025-03-24T13:54:20 WIB" name="runScenario" description="Runs Cucumber Scenarios" data-provider="scenarios" finished-at="2025-03-24T13:54:24 WIB" duration-ms="4284" status="PASS">
          <params>
            <param index="0">
              <value>
                <![CDATA["User fails to log in with empty credentials"]]>
              </value>
            </param>
            <param index="1">
              <value>
                <![CDATA["Login functionality on SauceDemo"]]>
              </value>
            </param>
          </params>
          <reporter-output>
          </reporter-output>
        </test-method> <!-- runScenario -->
        <test-method signature="runScenario(io.cucumber.testng.PickleWrapper,io.cucumber.testng.FeatureWrapper)[pri:0, instance:runners.TestRunner@6d7fc27]" started-at="2025-03-24T13:54:24 WIB" name="runScenario" description="Runs Cucumber Scenarios" data-provider="scenarios" finished-at="2025-03-24T13:54:28 WIB" duration-ms="4365" status="PASS">
          <params>
            <param index="0">
              <value>
                <![CDATA["User fails to log in with empty password"]]>
              </value>
            </param>
            <param index="1">
              <value>
                <![CDATA["Login functionality on SauceDemo"]]>
              </value>
            </param>
          </params>
          <reporter-output>
          </reporter-output>
        </test-method> <!-- runScenario -->
        <test-method signature="runScenario(io.cucumber.testng.PickleWrapper,io.cucumber.testng.FeatureWrapper)[pri:0, instance:runners.TestRunner@6d7fc27]" started-at="2025-03-24T13:54:28 WIB" name="runScenario" description="Runs Cucumber Scenarios" data-provider="scenarios" finished-at="2025-03-24T13:54:32 WIB" duration-ms="4287" status="PASS">
          <params>
            <param index="0">
              <value>
                <![CDATA["User fails to log in with empty username"]]>
              </value>
            </param>
            <param index="1">
              <value>
                <![CDATA["Login functionality on SauceDemo"]]>
              </value>
            </param>
          </params>
          <reporter-output>
          </reporter-output>
        </test-method> <!-- runScenario -->
        <test-method signature="runScenario(io.cucumber.testng.PickleWrapper,io.cucumber.testng.FeatureWrapper)[pri:0, instance:runners.TestRunner@6d7fc27]" started-at="2025-03-24T13:54:32 WIB" name="runScenario" description="Runs Cucumber Scenarios" data-provider="scenarios" finished-at="2025-03-24T13:54:39 WIB" duration-ms="6316" status="PASS">
          <params>
            <param index="0">
              <value>
                <![CDATA["User views product catalog"]]>
              </value>
            </param>
            <param index="1">
              <value>
                <![CDATA["Product catalog browsing on SauceDemo"]]>
              </value>
            </param>
          </params>
          <reporter-output>
          </reporter-output>
        </test-method> <!-- runScenario -->
        <test-method signature="runScenario(io.cucumber.testng.PickleWrapper,io.cucumber.testng.FeatureWrapper)[pri:0, instance:runners.TestRunner@6d7fc27]" started-at="2025-03-24T13:54:39 WIB" name="runScenario" description="Runs Cucumber Scenarios" data-provider="scenarios" finished-at="2025-03-24T13:54:40 WIB" duration-ms="1244" status="PASS">
          <params>
            <param index="0">
              <value>
                <![CDATA["User filters products by Name (A to Z)"]]>
              </value>
            </param>
            <param index="1">
              <value>
                <![CDATA["Product catalog browsing on SauceDemo"]]>
              </value>
            </param>
          </params>
          <reporter-output>
          </reporter-output>
        </test-method> <!-- runScenario -->
        <test-method signature="runScenario(io.cucumber.testng.PickleWrapper,io.cucumber.testng.FeatureWrapper)[pri:0, instance:runners.TestRunner@6d7fc27]" started-at="2025-03-24T13:54:40 WIB" name="runScenario" description="Runs Cucumber Scenarios" data-provider="scenarios" finished-at="2025-03-24T13:54:41 WIB" duration-ms="1316" status="PASS">
          <params>
            <param index="0">
              <value>
                <![CDATA["User filters products by Price (low to high)"]]>
              </value>
            </param>
            <param index="1">
              <value>
                <![CDATA["Product catalog browsing on SauceDemo"]]>
              </value>
            </param>
          </params>
          <reporter-output>
          </reporter-output>
        </test-method> <!-- runScenario -->
        <test-method signature="runScenario(io.cucumber.testng.PickleWrapper,io.cucumber.testng.FeatureWrapper)[pri:0, instance:runners.TestRunner@6d7fc27]" started-at="2025-03-24T13:54:41 WIB" name="runScenario" description="Runs Cucumber Scenarios" data-provider="scenarios" finished-at="2025-03-24T13:54:43 WIB" duration-ms="1267" status="PASS">
          <params>
            <param index="0">
              <value>
                <![CDATA["User views product details"]]>
              </value>
            </param>
            <param index="1">
              <value>
                <![CDATA["Product catalog browsing on SauceDemo"]]>
              </value>
            </param>
          </params>
          <reporter-output>
          </reporter-output>
        </test-method> <!-- runScenario -->
        <test-method signature="runScenario(io.cucumber.testng.PickleWrapper,io.cucumber.testng.FeatureWrapper)[pri:0, instance:runners.TestRunner@6d7fc27]" started-at="2025-03-24T13:54:43 WIB" name="runScenario" description="Runs Cucumber Scenarios" data-provider="scenarios" finished-at="2025-03-24T13:54:44 WIB" duration-ms="1346" status="PASS">
          <params>
            <param index="0">
              <value>
                <![CDATA["User adds a product to the cart"]]>
              </value>
            </param>
            <param index="1">
              <value>
                <![CDATA["Shopping cart operations on SauceDemo"]]>
              </value>
            </param>
          </params>
          <reporter-output>
          </reporter-output>
        </test-method> <!-- runScenario -->
        <test-method signature="runScenario(io.cucumber.testng.PickleWrapper,io.cucumber.testng.FeatureWrapper)[pri:0, instance:runners.TestRunner@6d7fc27]" started-at="2025-03-24T13:54:44 WIB" name="runScenario" description="Runs Cucumber Scenarios" data-provider="scenarios" finished-at="2025-03-24T13:54:45 WIB" duration-ms="1364" status="PASS">
          <params>
            <param index="0">
              <value>
                <![CDATA["User views the shopping cart"]]>
              </value>
            </param>
            <param index="1">
              <value>
                <![CDATA["Shopping cart operations on SauceDemo"]]>
              </value>
            </param>
          </params>
          <reporter-output>
          </reporter-output>
        </test-method> <!-- runScenario -->
        <test-method signature="runScenario(io.cucumber.testng.PickleWrapper,io.cucumber.testng.FeatureWrapper)[pri:0, instance:runners.TestRunner@6d7fc27]" started-at="2025-03-24T13:54:45 WIB" name="runScenario" description="Runs Cucumber Scenarios" data-provider="scenarios" finished-at="2025-03-24T13:54:47 WIB" duration-ms="1358" status="PASS">
          <params>
            <param index="0">
              <value>
                <![CDATA["User removes a product from the cart"]]>
              </value>
            </param>
            <param index="1">
              <value>
                <![CDATA["Shopping cart operations on SauceDemo"]]>
              </value>
            </param>
          </params>
          <reporter-output>
          </reporter-output>
        </test-method> <!-- runScenario -->
        <test-method is-config="true" signature="tearDownClass()[pri:0, instance:runners.TestRunner@6d7fc27]" started-at="2025-03-24T13:54:47 WIB" name="tearDownClass" finished-at="2025-03-24T13:54:47 WIB" duration-ms="17" status="PASS">
          <reporter-output>
          </reporter-output>
        </test-method> <!-- tearDownClass -->
      </class> <!-- runners.TestRunner -->
    </test> <!-- Surefire test -->
  </suite> <!-- Surefire suite -->
</testng-results>
