<?xml version="1.0" encoding="UTF-8"?>
<testng-results ignored="0" total="17" passed="17" failed="0" skipped="0">
  <reporter-output>
  </reporter-output>
  <suite started-at="2025-03-21T09:15:31 WIB" name="Surefire suite" finished-at="2025-03-21T09:16:31 WIB" duration-ms="60234">
    <groups>
      <group name="cucumber">
        <method signature="AbstractTestNGCucumberTests.runScenario(io.cucumber.testng.PickleWrapper,io.cucumber.testng.FeatureWrapper)[pri:0, instance:runners.TestRunner@44821a96]" name="runScenario" class="io.cucumber.testng.AbstractTestNGCucumberTests"/>
      </group> <!-- cucumber -->
    </groups>
    <test started-at="2025-03-21T09:15:31 WIB" name="Surefire test" finished-at="2025-03-21T09:16:31 WIB" duration-ms="60234">
      <class name="runners.TestRunner">
        <test-method is-config="true" signature="setUpClass(org.testng.ITestContext)[pri:0, instance:runners.TestRunner@44821a96]" started-at="2025-03-21T09:15:31 WIB" name="setUpClass" finished-at="2025-03-21T09:15:31 WIB" duration-ms="254" status="PASS">
          <params>
            <param index="0">
              <value>
                <![CDATA[org.testng.TestRunner@f1d1463]]>
              </value>
            </param>
          </params>
          <reporter-output>
          </reporter-output>
        </test-method> <!-- setUpClass -->
        <test-method signature="runScenario(io.cucumber.testng.PickleWrapper,io.cucumber.testng.FeatureWrapper)[pri:0, instance:runners.TestRunner@44821a96]" started-at="2025-03-21T09:15:31 WIB" name="runScenario" description="Runs Cucumber Scenarios" data-provider="scenarios" finished-at="2025-03-21T09:15:36 WIB" duration-ms="4885" status="PASS">
          <params>
            <param index="0">
              <value>
                <![CDATA["User selects a product and completes the checkout process"]]>
              </value>
            </param>
            <param index="1">
              <value>
                <![CDATA["Checkout functionality on SauceDemo"]]>
              </value>
            </param>
          </params>
          <reporter-output>
          </reporter-output>
        </test-method> <!-- runScenario -->
        <test-method signature="runScenario(io.cucumber.testng.PickleWrapper,io.cucumber.testng.FeatureWrapper)[pri:0, instance:runners.TestRunner@44821a96]" started-at="2025-03-21T09:15:36 WIB" name="runScenario" description="Runs Cucumber Scenarios" data-provider="scenarios" finished-at="2025-03-21T09:15:41 WIB" duration-ms="4642" status="PASS">
          <params>
            <param index="0">
              <value>
                <![CDATA["User fails to checkout with empty first name"]]>
              </value>
            </param>
            <param index="1">
              <value>
                <![CDATA["Checkout functionality on SauceDemo"]]>
              </value>
            </param>
          </params>
          <reporter-output>
          </reporter-output>
        </test-method> <!-- runScenario -->
        <test-method signature="runScenario(io.cucumber.testng.PickleWrapper,io.cucumber.testng.FeatureWrapper)[pri:0, instance:runners.TestRunner@44821a96]" started-at="2025-03-21T09:15:41 WIB" name="runScenario" description="Runs Cucumber Scenarios" data-provider="scenarios" finished-at="2025-03-21T09:15:46 WIB" duration-ms="4788" status="PASS">
          <params>
            <param index="0">
              <value>
                <![CDATA["User fails to checkout with empty last name"]]>
              </value>
            </param>
            <param index="1">
              <value>
                <![CDATA["Checkout functionality on SauceDemo"]]>
              </value>
            </param>
          </params>
          <reporter-output>
          </reporter-output>
        </test-method> <!-- runScenario -->
        <test-method signature="runScenario(io.cucumber.testng.PickleWrapper,io.cucumber.testng.FeatureWrapper)[pri:0, instance:runners.TestRunner@44821a96]" started-at="2025-03-21T09:15:46 WIB" name="runScenario" description="Runs Cucumber Scenarios" data-provider="scenarios" finished-at="2025-03-21T09:15:50 WIB" duration-ms="4578" status="PASS">
          <params>
            <param index="0">
              <value>
                <![CDATA["User fails to checkout with empty postal code"]]>
              </value>
            </param>
            <param index="1">
              <value>
                <![CDATA["Checkout functionality on SauceDemo"]]>
              </value>
            </param>
          </params>
          <reporter-output>
          </reporter-output>
        </test-method> <!-- runScenario -->
        <test-method signature="runScenario(io.cucumber.testng.PickleWrapper,io.cucumber.testng.FeatureWrapper)[pri:0, instance:runners.TestRunner@44821a96]" started-at="2025-03-21T09:15:50 WIB" name="runScenario" description="Runs Cucumber Scenarios" data-provider="scenarios" finished-at="2025-03-21T09:15:57 WIB" duration-ms="6216" status="PASS">
          <params>
            <param index="0">
              <value>
                <![CDATA["User successfully logs in with valid credentials"]]>
              </value>
            </param>
            <param index="1">
              <value>
                <![CDATA["Login functionality on SauceDemo"]]>
              </value>
            </param>
          </params>
          <reporter-output>
          </reporter-output>
        </test-method> <!-- runScenario -->
        <test-method signature="runScenario(io.cucumber.testng.PickleWrapper,io.cucumber.testng.FeatureWrapper)[pri:0, instance:runners.TestRunner@44821a96]" started-at="2025-03-21T09:15:57 WIB" name="runScenario" description="Runs Cucumber Scenarios" data-provider="scenarios" finished-at="2025-03-21T09:16:00 WIB" duration-ms="3286" status="PASS">
          <params>
            <param index="0">
              <value>
                <![CDATA["User fails to log in with incorrect username"]]>
              </value>
            </param>
            <param index="1">
              <value>
                <![CDATA["Login functionality on SauceDemo"]]>
              </value>
            </param>
          </params>
          <reporter-output>
          </reporter-output>
        </test-method> <!-- runScenario -->
        <test-method signature="runScenario(io.cucumber.testng.PickleWrapper,io.cucumber.testng.FeatureWrapper)[pri:0, instance:runners.TestRunner@44821a96]" started-at="2025-03-21T09:16:00 WIB" name="runScenario" description="Runs Cucumber Scenarios" data-provider="scenarios" finished-at="2025-03-21T09:16:04 WIB" duration-ms="4256" status="PASS">
          <params>
            <param index="0">
              <value>
                <![CDATA["User fails to log in with incorrect password"]]>
              </value>
            </param>
            <param index="1">
              <value>
                <![CDATA["Login functionality on SauceDemo"]]>
              </value>
            </param>
          </params>
          <reporter-output>
          </reporter-output>
        </test-method> <!-- runScenario -->
        <test-method signature="runScenario(io.cucumber.testng.PickleWrapper,io.cucumber.testng.FeatureWrapper)[pri:0, instance:runners.TestRunner@44821a96]" started-at="2025-03-21T09:16:04 WIB" name="runScenario" description="Runs Cucumber Scenarios" data-provider="scenarios" finished-at="2025-03-21T09:16:08 WIB" duration-ms="4103" status="PASS">
          <params>
            <param index="0">
              <value>
                <![CDATA["User fails to log in with empty credentials"]]>
              </value>
            </param>
            <param index="1">
              <value>
                <![CDATA["Login functionality on SauceDemo"]]>
              </value>
            </param>
          </params>
          <reporter-output>
          </reporter-output>
        </test-method> <!-- runScenario -->
        <test-method signature="runScenario(io.cucumber.testng.PickleWrapper,io.cucumber.testng.FeatureWrapper)[pri:0, instance:runners.TestRunner@44821a96]" started-at="2025-03-21T09:16:08 WIB" name="runScenario" description="Runs Cucumber Scenarios" data-provider="scenarios" finished-at="2025-03-21T09:16:13 WIB" duration-ms="4390" status="PASS">
          <params>
            <param index="0">
              <value>
                <![CDATA["User fails to log in with empty password"]]>
              </value>
            </param>
            <param index="1">
              <value>
                <![CDATA["Login functionality on SauceDemo"]]>
              </value>
            </param>
          </params>
          <reporter-output>
          </reporter-output>
        </test-method> <!-- runScenario -->
        <test-method signature="runScenario(io.cucumber.testng.PickleWrapper,io.cucumber.testng.FeatureWrapper)[pri:0, instance:runners.TestRunner@44821a96]" started-at="2025-03-21T09:16:13 WIB" name="runScenario" description="Runs Cucumber Scenarios" data-provider="scenarios" finished-at="2025-03-21T09:16:17 WIB" duration-ms="4231" status="PASS">
          <params>
            <param index="0">
              <value>
                <![CDATA["User fails to log in with empty username"]]>
              </value>
            </param>
            <param index="1">
              <value>
                <![CDATA["Login functionality on SauceDemo"]]>
              </value>
            </param>
          </params>
          <reporter-output>
          </reporter-output>
        </test-method> <!-- runScenario -->
        <test-method signature="runScenario(io.cucumber.testng.PickleWrapper,io.cucumber.testng.FeatureWrapper)[pri:0, instance:runners.TestRunner@44821a96]" started-at="2025-03-21T09:16:17 WIB" name="runScenario" description="Runs Cucumber Scenarios" data-provider="scenarios" finished-at="2025-03-21T09:16:23 WIB" duration-ms="6376" status="PASS">
          <params>
            <param index="0">
              <value>
                <![CDATA["User views product catalog"]]>
              </value>
            </param>
            <param index="1">
              <value>
                <![CDATA["Product catalog browsing on SauceDemo"]]>
              </value>
            </param>
          </params>
          <reporter-output>
          </reporter-output>
        </test-method> <!-- runScenario -->
        <test-method signature="runScenario(io.cucumber.testng.PickleWrapper,io.cucumber.testng.FeatureWrapper)[pri:0, instance:runners.TestRunner@44821a96]" started-at="2025-03-21T09:16:23 WIB" name="runScenario" description="Runs Cucumber Scenarios" data-provider="scenarios" finished-at="2025-03-21T09:16:25 WIB" duration-ms="1494" status="PASS">
          <params>
            <param index="0">
              <value>
                <![CDATA["User filters products by Name (A to Z)"]]>
              </value>
            </param>
            <param index="1">
              <value>
                <![CDATA["Product catalog browsing on SauceDemo"]]>
              </value>
            </param>
          </params>
          <reporter-output>
          </reporter-output>
        </test-method> <!-- runScenario -->
        <test-method signature="runScenario(io.cucumber.testng.PickleWrapper,io.cucumber.testng.FeatureWrapper)[pri:0, instance:runners.TestRunner@44821a96]" started-at="2025-03-21T09:16:25 WIB" name="runScenario" description="Runs Cucumber Scenarios" data-provider="scenarios" finished-at="2025-03-21T09:16:26 WIB" duration-ms="1358" status="PASS">
          <params>
            <param index="0">
              <value>
                <![CDATA["User filters products by Price (low to high)"]]>
              </value>
            </param>
            <param index="1">
              <value>
                <![CDATA["Product catalog browsing on SauceDemo"]]>
              </value>
            </param>
          </params>
          <reporter-output>
          </reporter-output>
        </test-method> <!-- runScenario -->
        <test-method signature="runScenario(io.cucumber.testng.PickleWrapper,io.cucumber.testng.FeatureWrapper)[pri:0, instance:runners.TestRunner@44821a96]" started-at="2025-03-21T09:16:26 WIB" name="runScenario" description="Runs Cucumber Scenarios" data-provider="scenarios" finished-at="2025-03-21T09:16:27 WIB" duration-ms="1301" status="PASS">
          <params>
            <param index="0">
              <value>
                <![CDATA["User views product details"]]>
              </value>
            </param>
            <param index="1">
              <value>
                <![CDATA["Product catalog browsing on SauceDemo"]]>
              </value>
            </param>
          </params>
          <reporter-output>
          </reporter-output>
        </test-method> <!-- runScenario -->
        <test-method signature="runScenario(io.cucumber.testng.PickleWrapper,io.cucumber.testng.FeatureWrapper)[pri:0, instance:runners.TestRunner@44821a96]" started-at="2025-03-21T09:16:27 WIB" name="runScenario" description="Runs Cucumber Scenarios" data-provider="scenarios" finished-at="2025-03-21T09:16:29 WIB" duration-ms="1294" status="PASS">
          <params>
            <param index="0">
              <value>
                <![CDATA["User adds a product to the cart"]]>
              </value>
            </param>
            <param index="1">
              <value>
                <![CDATA["Shopping cart operations on SauceDemo"]]>
              </value>
            </param>
          </params>
          <reporter-output>
          </reporter-output>
        </test-method> <!-- runScenario -->
        <test-method signature="runScenario(io.cucumber.testng.PickleWrapper,io.cucumber.testng.FeatureWrapper)[pri:0, instance:runners.TestRunner@44821a96]" started-at="2025-03-21T09:16:29 WIB" name="runScenario" description="Runs Cucumber Scenarios" data-provider="scenarios" finished-at="2025-03-21T09:16:30 WIB" duration-ms="1373" status="PASS">
          <params>
            <param index="0">
              <value>
                <![CDATA["User views the shopping cart"]]>
              </value>
            </param>
            <param index="1">
              <value>
                <![CDATA["Shopping cart operations on SauceDemo"]]>
              </value>
            </param>
          </params>
          <reporter-output>
          </reporter-output>
        </test-method> <!-- runScenario -->
        <test-method signature="runScenario(io.cucumber.testng.PickleWrapper,io.cucumber.testng.FeatureWrapper)[pri:0, instance:runners.TestRunner@44821a96]" started-at="2025-03-21T09:16:30 WIB" name="runScenario" description="Runs Cucumber Scenarios" data-provider="scenarios" finished-at="2025-03-21T09:16:31 WIB" duration-ms="1359" status="PASS">
          <params>
            <param index="0">
              <value>
                <![CDATA["User removes a product from the cart"]]>
              </value>
            </param>
            <param index="1">
              <value>
                <![CDATA["Shopping cart operations on SauceDemo"]]>
              </value>
            </param>
          </params>
          <reporter-output>
          </reporter-output>
        </test-method> <!-- runScenario -->
        <test-method is-config="true" signature="tearDownClass()[pri:0, instance:runners.TestRunner@44821a96]" started-at="2025-03-21T09:16:31 WIB" name="tearDownClass" finished-at="2025-03-21T09:16:31 WIB" duration-ms="18" status="PASS">
          <reporter-output>
          </reporter-output>
        </test-method> <!-- tearDownClass -->
      </class> <!-- runners.TestRunner -->
    </test> <!-- Surefire test -->
  </suite> <!-- Surefire suite -->
</testng-results>
