<?xml version="1.0" encoding="UTF-8"?>
<testsuite xmlns:xsi="http://www.w3.org/2001/XMLSchema-instance" xsi:noNamespaceSchemaLocation="https://maven.apache.org/surefire/maven-surefire-plugin/xsd/surefire-test-report-3.0.xsd" version="3.0" name="runners.TestRunner" time="98.1" tests="14" errors="0" skipped="0" failures="1">
  <properties>
[...]
</properties>
  <testcase name="runScenario[&quot;User selects a product and completes the checkout process&quot;, &quot;Checkout functionality on SauceDemo&quot;](1)" classname="runners.TestRunner" time="7.38">
    <system-out><![CDATA[
Scenario: User selects a product and completes the checkout process           # src/test/java/features/checkout.feature:3
  Given the user is on the login page                                         # stepdefinitions.LoginSteps.userIsOnLoginPage()
  When the user enters "standard_user" and "secret_sauce"                     # stepdefinitions.LoginSteps.userEntersCredentials(java.lang.String,java.lang.String)
  And clicks the login button                                                 # stepdefinitions.LoginSteps.userClicksLoginButton()
  And the user selects a product "Sauce Labs Backpack"                        # stepdefinitions.CheckoutSteps.userSelectsProduct(java.lang.String)
  And adds the product to the cart                                            # stepdefinitions.CheckoutSteps.addsProductToCart()
  And proceeds to checkout                                                    # stepdefinitions.CheckoutSteps.proceedsToCheckout()
  And fills in the checkout information with "John" "Doe" "12345"             # stepdefinitions.CheckoutSteps.fillsInCheckoutInformation(java.lang.String,java.lang.String,java.lang.String)
  And completes the purchase                                                  # stepdefinitions.CheckoutSteps.completesPurchase()
  Then a confirmation message "Thank you for your order!" should be displayed # stepdefinitions.CheckoutSteps.confirmationMessageDisplayed(java.lang.String)
]]></system-out>
    <system-err><![CDATA[SLF4J: Failed to load class "org.slf4j.impl.StaticLoggerBinder".
SLF4J: Defaulting to no-operation (NOP) logger implementation
SLF4J: See http://www.slf4j.org/codes.html#StaticLoggerBinder for further details.
Feb 22, 2025 4:14:10 PM org.openqa.selenium.devtools.CdpVersionFinder findNearestMatch
WARNING: Unable to find CDP implementation matching 133
Feb 22, 2025 4:14:10 PM org.openqa.selenium.chromium.ChromiumDriver lambda$new$5
WARNING: Unable to find version of CDP to use for 133.0.6943.127. You may need to include a dependency on a specific version of the CDP using something similar to `org.seleniumhq.selenium:selenium-devtools-v86:4.12.1` where the version ("v86") matches the version of the chromium-based browser you're using and the version number of the artifact is the same as Selenium's.
]]></system-err>
  </testcase>
  <testcase name="runScenario[&quot;User fails to checkout with empty first name&quot;, &quot;Checkout functionality on SauceDemo&quot;](2)" classname="runners.TestRunner" time="7.497">
    <system-out><![CDATA[
Scenario: User fails to checkout with empty first name                      # src/test/java/features/checkout.feature:15
  Given the user is on the login page                                       # stepdefinitions.LoginSteps.userIsOnLoginPage()
  When the user enters "standard_user" and "secret_sauce"                   # stepdefinitions.LoginSteps.userEntersCredentials(java.lang.String,java.lang.String)
  And clicks the login button                                               # stepdefinitions.LoginSteps.userClicksLoginButton()
  And the user selects a product "Sauce Labs Backpack"                      # stepdefinitions.CheckoutSteps.userSelectsProduct(java.lang.String)
  And adds the product to the cart                                          # stepdefinitions.CheckoutSteps.addsProductToCart()
  And proceeds to checkout                                                  # stepdefinitions.CheckoutSteps.proceedsToCheckout()
  And fills in the checkout information with "" "Doe" "12345"               # stepdefinitions.CheckoutSteps.fillsInCheckoutInformation(java.lang.String,java.lang.String,java.lang.String)
  And clicks the continue button                                            # stepdefinitions.CheckoutSteps.clicksContinueButton()
  Then an error message "Error: First Name is required" should be displayed # stepdefinitions.LoginSteps.errorMessageShouldBeDisplayed(java.lang.String)
]]></system-out>
    <system-err><![CDATA[Feb 22, 2025 4:14:15 PM org.openqa.selenium.devtools.CdpVersionFinder findNearestMatch
WARNING: Unable to find CDP implementation matching 133
Feb 22, 2025 4:14:15 PM org.openqa.selenium.chromium.ChromiumDriver lambda$new$5
WARNING: Unable to find version of CDP to use for 133.0.6943.127. You may need to include a dependency on a specific version of the CDP using something similar to `org.seleniumhq.selenium:selenium-devtools-v86:4.12.1` where the version ("v86") matches the version of the chromium-based browser you're using and the version number of the artifact is the same as Selenium's.
]]></system-err>
  </testcase>
  <testcase name="runScenario[&quot;User fails to checkout with empty last name&quot;, &quot;Checkout functionality on SauceDemo&quot;](3)" classname="runners.TestRunner" time="7.394">
    <system-out><![CDATA[
Scenario: User fails to checkout with empty last name                      # src/test/java/features/checkout.feature:26
  Given the user is on the login page                                      # stepdefinitions.LoginSteps.userIsOnLoginPage()
  When the user enters "standard_user" and "secret_sauce"                  # stepdefinitions.LoginSteps.userEntersCredentials(java.lang.String,java.lang.String)
  And clicks the login button                                              # stepdefinitions.LoginSteps.userClicksLoginButton()
  And the user selects a product "Sauce Labs Backpack"                     # stepdefinitions.CheckoutSteps.userSelectsProduct(java.lang.String)
  And adds the product to the cart                                         # stepdefinitions.CheckoutSteps.addsProductToCart()
  And proceeds to checkout                                                 # stepdefinitions.CheckoutSteps.proceedsToCheckout()
  And fills in the checkout information with "John" "" "12345"             # stepdefinitions.CheckoutSteps.fillsInCheckoutInformation(java.lang.String,java.lang.String,java.lang.String)
  And clicks the continue button                                           # stepdefinitions.CheckoutSteps.clicksContinueButton()
  Then an error message "Error: Last Name is required" should be displayed # stepdefinitions.LoginSteps.errorMessageShouldBeDisplayed(java.lang.String)
]]></system-out>
    <system-err><![CDATA[Feb 22, 2025 4:14:22 PM org.openqa.selenium.devtools.CdpVersionFinder findNearestMatch
WARNING: Unable to find CDP implementation matching 133
Feb 22, 2025 4:14:22 PM org.openqa.selenium.chromium.ChromiumDriver lambda$new$5
WARNING: Unable to find version of CDP to use for 133.0.6943.127. You may need to include a dependency on a specific version of the CDP using something similar to `org.seleniumhq.selenium:selenium-devtools-v86:4.12.1` where the version ("v86") matches the version of the chromium-based browser you're using and the version number of the artifact is the same as Selenium's.
]]></system-err>
  </testcase>
  <testcase name="runScenario[&quot;User fails to checkout with empty postal code&quot;, &quot;Checkout functionality on SauceDemo&quot;](4)" classname="runners.TestRunner" time="7.154">
    <system-out><![CDATA[
Scenario: User fails to checkout with empty postal code                      # src/test/java/features/checkout.feature:37
  Given the user is on the login page                                        # stepdefinitions.LoginSteps.userIsOnLoginPage()
  When the user enters "standard_user" and "secret_sauce"                    # stepdefinitions.LoginSteps.userEntersCredentials(java.lang.String,java.lang.String)
  And clicks the login button                                                # stepdefinitions.LoginSteps.userClicksLoginButton()
  And the user selects a product "Sauce Labs Backpack"                       # stepdefinitions.CheckoutSteps.userSelectsProduct(java.lang.String)
  And adds the product to the cart                                           # stepdefinitions.CheckoutSteps.addsProductToCart()
  And proceeds to checkout                                                   # stepdefinitions.CheckoutSteps.proceedsToCheckout()
  And fills in the checkout information with "John" "Doe" ""                 # stepdefinitions.CheckoutSteps.fillsInCheckoutInformation(java.lang.String,java.lang.String,java.lang.String)
  And clicks the continue button                                             # stepdefinitions.CheckoutSteps.clicksContinueButton()
  Then an error message "Error: Postal Code is required" should be displayed # stepdefinitions.LoginSteps.errorMessageShouldBeDisplayed(java.lang.String)
]]></system-out>
    <system-err><![CDATA[Feb 22, 2025 4:14:30 PM org.openqa.selenium.devtools.CdpVersionFinder findNearestMatch
WARNING: Unable to find CDP implementation matching 133
Feb 22, 2025 4:14:30 PM org.openqa.selenium.chromium.ChromiumDriver lambda$new$5
WARNING: Unable to find version of CDP to use for 133.0.6943.127. You may need to include a dependency on a specific version of the CDP using something similar to `org.seleniumhq.selenium:selenium-devtools-v86:4.12.1` where the version ("v86") matches the version of the chromium-based browser you're using and the version number of the artifact is the same as Selenium's.
]]></system-err>
  </testcase>
  <testcase name="runScenario[&quot;User successfully logs in with valid credentials&quot;, &quot;Login functionality on SauceDemo&quot;](5)" classname="runners.TestRunner" time="8.902">
    <system-out><![CDATA[
Scenario: User successfully logs in with valid credentials # src/test/java/features/login.feature:3
  Given the user is on the login page                      # stepdefinitions.LoginSteps.userIsOnLoginPage()
  When the user enters "standard_user" and "secret_sauce"  # stepdefinitions.LoginSteps.userEntersCredentials(java.lang.String,java.lang.String)
  And clicks the login button                              # stepdefinitions.LoginSteps.userClicksLoginButton()
Menunggu sebelum menutup browser...
Menutup browser!
  Then the inventory page should be displayed              # stepdefinitions.LoginSteps.inventoryPageDisplayed()
]]></system-out>
    <system-err><![CDATA[Feb 22, 2025 4:14:37 PM org.openqa.selenium.devtools.CdpVersionFinder findNearestMatch
WARNING: Unable to find CDP implementation matching 133
Feb 22, 2025 4:14:37 PM org.openqa.selenium.chromium.ChromiumDriver lambda$new$5
WARNING: Unable to find version of CDP to use for 133.0.6943.127. You may need to include a dependency on a specific version of the CDP using something similar to `org.seleniumhq.selenium:selenium-devtools-v86:4.12.1` where the version ("v86") matches the version of the chromium-based browser you're using and the version number of the artifact is the same as Selenium's.
]]></system-err>
  </testcase>
  <testcase name="runScenario[&quot;User fails to log in with incorrect username&quot;, &quot;Login functionality on SauceDemo&quot;](6)" classname="runners.TestRunner" time="6.933">
    <system-out><![CDATA[
Scenario: User fails to log in with incorrect username                                                                  # src/test/java/features/login.feature:9
  Given the user is on the login page                                                                                   # stepdefinitions.LoginSteps.userIsOnLoginPage()
  When the user enters "invalid_user" and "secret_sauce"                                                                # stepdefinitions.LoginSteps.userEntersCredentials(java.lang.String,java.lang.String)
  And clicks the login button                                                                                           # stepdefinitions.LoginSteps.userClicksLoginButton()
  Then an error message "Epic sadface: Username and password do not match any user in this service" should be displayed # stepdefinitions.LoginSteps.errorMessageShouldBeDisplayed(java.lang.String)
]]></system-out>
    <system-err><![CDATA[Feb 22, 2025 4:14:46 PM org.openqa.selenium.devtools.CdpVersionFinder findNearestMatch
WARNING: Unable to find CDP implementation matching 133
Feb 22, 2025 4:14:46 PM org.openqa.selenium.chromium.ChromiumDriver lambda$new$5
WARNING: Unable to find version of CDP to use for 133.0.6943.127. You may need to include a dependency on a specific version of the CDP using something similar to `org.seleniumhq.selenium:selenium-devtools-v86:4.12.1` where the version ("v86") matches the version of the chromium-based browser you're using and the version number of the artifact is the same as Selenium's.
]]></system-err>
  </testcase>
  <testcase name="runScenario[&quot;User fails to log in with incorrect password&quot;, &quot;Login functionality on SauceDemo&quot;](7)" classname="runners.TestRunner" time="7.164">
    <system-out><![CDATA[
Scenario: User fails to log in with incorrect password                                                                  # src/test/java/features/login.feature:15
  Given the user is on the login page                                                                                   # stepdefinitions.LoginSteps.userIsOnLoginPage()
  When the user enters "standard_user" and "wrong_password"                                                             # stepdefinitions.LoginSteps.userEntersCredentials(java.lang.String,java.lang.String)
  And clicks the login button                                                                                           # stepdefinitions.LoginSteps.userClicksLoginButton()
  Then an error message "Epic sadface: Username and password do not match any user in this service" should be displayed # stepdefinitions.LoginSteps.errorMessageShouldBeDisplayed(java.lang.String)
]]></system-out>
    <system-err><![CDATA[Feb 22, 2025 4:14:53 PM org.openqa.selenium.devtools.CdpVersionFinder findNearestMatch
WARNING: Unable to find CDP implementation matching 133
Feb 22, 2025 4:14:53 PM org.openqa.selenium.chromium.ChromiumDriver lambda$new$5
WARNING: Unable to find version of CDP to use for 133.0.6943.127. You may need to include a dependency on a specific version of the CDP using something similar to `org.seleniumhq.selenium:selenium-devtools-v86:4.12.1` where the version ("v86") matches the version of the chromium-based browser you're using and the version number of the artifact is the same as Selenium's.
]]></system-err>
  </testcase>
  <testcase name="runScenario[&quot;User fails to log in with empty credentials&quot;, &quot;Login functionality on SauceDemo&quot;](8)" classname="runners.TestRunner" time="7.144">
    <system-out><![CDATA[
Scenario: User fails to log in with empty credentials                            # src/test/java/features/login.feature:21
  Given the user is on the login page                                            # stepdefinitions.LoginSteps.userIsOnLoginPage()
  When the user enters "" and ""                                                 # stepdefinitions.LoginSteps.userEntersCredentials(java.lang.String,java.lang.String)
  And clicks the login button                                                    # stepdefinitions.LoginSteps.userClicksLoginButton()
  Then an error message "Epic sadface: Username is required" should be displayed # stepdefinitions.LoginSteps.errorMessageShouldBeDisplayed(java.lang.String)
]]></system-out>
    <system-err><![CDATA[Feb 22, 2025 4:15:00 PM org.openqa.selenium.devtools.CdpVersionFinder findNearestMatch
WARNING: Unable to find CDP implementation matching 133
Feb 22, 2025 4:15:00 PM org.openqa.selenium.chromium.ChromiumDriver lambda$new$5
WARNING: Unable to find version of CDP to use for 133.0.6943.127. You may need to include a dependency on a specific version of the CDP using something similar to `org.seleniumhq.selenium:selenium-devtools-v86:4.12.1` where the version ("v86") matches the version of the chromium-based browser you're using and the version number of the artifact is the same as Selenium's.
]]></system-err>
  </testcase>
  <testcase name="runScenario[&quot;User fails to log in with empty password&quot;, &quot;Login functionality on SauceDemo&quot;](9)" classname="runners.TestRunner" time="6.822">
    <system-out><![CDATA[
Scenario: User fails to log in with empty password                               # src/test/java/features/login.feature:27
  Given the user is on the login page                                            # stepdefinitions.LoginSteps.userIsOnLoginPage()
  When the user enters "standard_user" and ""                                    # stepdefinitions.LoginSteps.userEntersCredentials(java.lang.String,java.lang.String)
  And clicks the login button                                                    # stepdefinitions.LoginSteps.userClicksLoginButton()
  Then an error message "Epic sadface: Password is required" should be displayed # stepdefinitions.LoginSteps.errorMessageShouldBeDisplayed(java.lang.String)
]]></system-out>
    <system-err><![CDATA[Feb 22, 2025 4:15:07 PM org.openqa.selenium.devtools.CdpVersionFinder findNearestMatch
WARNING: Unable to find CDP implementation matching 133
Feb 22, 2025 4:15:07 PM org.openqa.selenium.chromium.ChromiumDriver lambda$new$5
WARNING: Unable to find version of CDP to use for 133.0.6943.127. You may need to include a dependency on a specific version of the CDP using something similar to `org.seleniumhq.selenium:selenium-devtools-v86:4.12.1` where the version ("v86") matches the version of the chromium-based browser you're using and the version number of the artifact is the same as Selenium's.
]]></system-err>
  </testcase>
  <testcase name="runScenario[&quot;User fails to log in with empty username&quot;, &quot;Login functionality on SauceDemo&quot;](10)" classname="runners.TestRunner" time="7.276">
    <system-out><![CDATA[
Scenario: User fails to log in with empty username                               # src/test/java/features/login.feature:33
  Given the user is on the login page                                            # stepdefinitions.LoginSteps.userIsOnLoginPage()
  When the user enters "" and "secret_sauce"                                     # stepdefinitions.LoginSteps.userEntersCredentials(java.lang.String,java.lang.String)
  And clicks the login button                                                    # stepdefinitions.LoginSteps.userClicksLoginButton()
  Then an error message "Epic sadface: Username is required" should be displayed # stepdefinitions.LoginSteps.errorMessageShouldBeDisplayed(java.lang.String)
]]></system-out>
    <system-err><![CDATA[Feb 22, 2025 4:15:14 PM org.openqa.selenium.devtools.CdpVersionFinder findNearestMatch
WARNING: Unable to find CDP implementation matching 133
Feb 22, 2025 4:15:14 PM org.openqa.selenium.chromium.ChromiumDriver lambda$new$5
WARNING: Unable to find version of CDP to use for 133.0.6943.127. You may need to include a dependency on a specific version of the CDP using something similar to `org.seleniumhq.selenium:selenium-devtools-v86:4.12.1` where the version ("v86") matches the version of the chromium-based browser you're using and the version number of the artifact is the same as Selenium's.
]]></system-err>
  </testcase>
  <testcase name="runScenario[&quot;User views product catalog&quot;, &quot;Product catalog browsing on SauceDemo&quot;](11)" classname="runners.TestRunner" time="20.634">
    <failure message="Expected condition failed: waiting for visibility of all elements located by By.xpath: //div[@data-test=&apos;inventory-item&apos;] (tried for 10 second(s) with 500 milliseconds interval)&#10;Build info: version: &apos;4.12.1&apos;, revision: &apos;8e34639b11&apos;&#10;System info: os.name: &apos;Mac OS X&apos;, os.arch: &apos;aarch64&apos;, os.version: &apos;15.2&apos;, java.version: &apos;17.0.7&apos;&#10;Driver info: org.openqa.selenium.chrome.ChromeDriver&#10;Capabilities {acceptInsecureCerts: false, browserName: chrome, browserVersion: 133.0.6943.127, chrome: {chromedriverVersion: 133.0.6943.126 (cffa127ce7b..., userDataDir: /var/folders/9n/qdd87m_d27v...}, fedcm:accounts: true, goog:chromeOptions: {debuggerAddress: localhost:61536}, networkConnectionEnabled: false, pageLoadStrategy: normal, platformName: mac, proxy: Proxy(), se:cdp: ws://localhost:61536/devtoo..., se:cdpVersion: 133.0.6943.127, setWindowRect: true, strictFileInteractability: false, timeouts: {implicit: 0, pageLoad: 300000, script: 30000}, unhandledPromptBehavior: dismiss and notify, webauthn:extension:credBlob: true, webauthn:extension:largeBlob: true, webauthn:extension:minPinLength: true, webauthn:extension:prf: true, webauthn:virtualAuthenticators: true}&#10;Session ID: 4f6f662a218d09eb6d9c292f44d45148" type="org.openqa.selenium.TimeoutException"><![CDATA[org.openqa.selenium.TimeoutException: 
Expected condition failed: waiting for visibility of all elements located by By.xpath: //div[@data-test='inventory-item'] (tried for 10 second(s) with 500 milliseconds interval)
Build info: version: '4.12.1', revision: '8e34639b11'
System info: os.name: 'Mac OS X', os.arch: 'aarch64', os.version: '15.2', java.version: '17.0.7'
Driver info: org.openqa.selenium.chrome.ChromeDriver
Capabilities {acceptInsecureCerts: false, browserName: chrome, browserVersion: 133.0.6943.127, chrome: {chromedriverVersion: 133.0.6943.126 (cffa127ce7b..., userDataDir: /var/folders/9n/qdd87m_d27v...}, fedcm:accounts: true, goog:chromeOptions: {debuggerAddress: localhost:61536}, networkConnectionEnabled: false, pageLoadStrategy: normal, platformName: mac, proxy: Proxy(), se:cdp: ws://localhost:61536/devtoo..., se:cdpVersion: 133.0.6943.127, setWindowRect: true, strictFileInteractability: false, timeouts: {implicit: 0, pageLoad: 300000, script: 30000}, unhandledPromptBehavior: dismiss and notify, webauthn:extension:credBlob: true, webauthn:extension:largeBlob: true, webauthn:extension:minPinLength: true, webauthn:extension:prf: true, webauthn:virtualAuthenticators: true}
Session ID: 4f6f662a218d09eb6d9c292f44d45148
	at org.openqa.selenium.support.ui.WebDriverWait.timeoutException(WebDriverWait.java:84)
	at org.openqa.selenium.support.ui.FluentWait.until(FluentWait.java:230)
	at pages.HomePage.isProductCatalogDisplayed(HomePage.java:55)
	at stepdefinitions.ProductCatalogSteps.productCatalogShouldBeDisplayed(ProductCatalogSteps.java:22)
	at ✽.the user should see the product catalog(file:///Users/devo/TestNG%20Project/saucedemo-automation/saucedemo-automation/saucedemo-automation/src/test/java/features/product-catalog.feature:8)
]]></failure>
    <system-out><![CDATA[
Scenario: User views product catalog                      # src/test/java/features/product-catalog.feature:3
  Given the user is on the login page                     # stepdefinitions.LoginSteps.userIsOnLoginPage()
  When the user enters "standard_user" and "secret_sauce" # stepdefinitions.LoginSteps.userEntersCredentials(java.lang.String,java.lang.String)
  And clicks the login button                             # stepdefinitions.LoginSteps.userClicksLoginButton()
Menunggu sebelum menutup browser...
Menutup browser!
  Then the inventory page should be displayed             # stepdefinitions.LoginSteps.inventoryPageDisplayed()
  And the user should see the product catalog             # stepdefinitions.ProductCatalogSteps.productCatalogShouldBeDisplayed()
      org.openqa.selenium.TimeoutException: Expected condition failed: waiting for visibility of all elements located by By.xpath: //div[@data-test='inventory-item'] (tried for 10 second(s) with 500 milliseconds interval)
Build info: version: '4.12.1', revision: '8e34639b11'
System info: os.name: 'Mac OS X', os.arch: 'aarch64', os.version: '15.2', java.version: '17.0.7'
Driver info: org.openqa.selenium.chrome.ChromeDriver
Capabilities {acceptInsecureCerts: false, browserName: chrome, browserVersion: 133.0.6943.127, chrome: {chromedriverVersion: 133.0.6943.126 (cffa127ce7b..., userDataDir: /var/folders/9n/qdd87m_d27v...}, fedcm:accounts: true, goog:chromeOptions: {debuggerAddress: localhost:61536}, networkConnectionEnabled: false, pageLoadStrategy: normal, platformName: mac, proxy: Proxy(), se:cdp: ws://localhost:61536/devtoo..., se:cdpVersion: 133.0.6943.127, setWindowRect: true, strictFileInteractability: false, timeouts: {implicit: 0, pageLoad: 300000, script: 30000}, unhandledPromptBehavior: dismiss and notify, webauthn:extension:credBlob: true, webauthn:extension:largeBlob: true, webauthn:extension:minPinLength: true, webauthn:extension:prf: true, webauthn:virtualAuthenticators: true}
Session ID: 4f6f662a218d09eb6d9c292f44d45148
	at org.openqa.selenium.support.ui.WebDriverWait.timeoutException(WebDriverWait.java:84)
	at org.openqa.selenium.support.ui.FluentWait.until(FluentWait.java:230)
	at pages.HomePage.isProductCatalogDisplayed(HomePage.java:55)
	at stepdefinitions.ProductCatalogSteps.productCatalogShouldBeDisplayed(ProductCatalogSteps.java:22)
	at ✽.the user should see the product catalog(file:///Users/devo/TestNG%20Project/saucedemo-automation/saucedemo-automation/saucedemo-automation/src/test/java/features/product-catalog.feature:8)

]]></system-out>
    <system-err><![CDATA[Feb 22, 2025 4:15:21 PM org.openqa.selenium.devtools.CdpVersionFinder findNearestMatch
WARNING: Unable to find CDP implementation matching 133
Feb 22, 2025 4:15:21 PM org.openqa.selenium.chromium.ChromiumDriver lambda$new$5
WARNING: Unable to find version of CDP to use for 133.0.6943.127. You may need to include a dependency on a specific version of the CDP using something similar to `org.seleniumhq.selenium:selenium-devtools-v86:4.12.1` where the version ("v86") matches the version of the chromium-based browser you're using and the version number of the artifact is the same as Selenium's.
Feb 22, 2025 4:15:30 PM org.openqa.selenium.devtools.CdpVersionFinder findNearestMatch
WARNING: Unable to find CDP implementation matching 133
Feb 22, 2025 4:15:30 PM org.openqa.selenium.chromium.ChromiumDriver lambda$new$5
WARNING: Unable to find version of CDP to use for 133.0.6943.127. You may need to include a dependency on a specific version of the CDP using something similar to `org.seleniumhq.selenium:selenium-devtools-v86:4.12.1` where the version ("v86") matches the version of the chromium-based browser you're using and the version number of the artifact is the same as Selenium's.
]]></system-err>
  </testcase>
  <testcase name="runScenario[&quot;User filters products by Name (A to Z)&quot;, &quot;Product catalog browsing on SauceDemo&quot;](12)" classname="runners.TestRunner" time="0.642">
    <system-out><![CDATA[
Scenario: User filters products by Name (A to Z)          # src/test/java/features/product-catalog.feature:10
  Given the user is on the login page                     # stepdefinitions.LoginSteps.userIsOnLoginPage()
  When the user enters "standard_user" and "secret_sauce" # stepdefinitions.LoginSteps.userEntersCredentials(java.lang.String,java.lang.String)
  And clicks the login button                             # stepdefinitions.LoginSteps.userClicksLoginButton()
  And the user selects filter option "Name (A to Z)"      # stepdefinitions.ProductCatalogSteps.userSelectsFilterOption(java.lang.String)
  Then the products should be sorted by "Name (A to Z)"   # stepdefinitions.ProductCatalogSteps.productsShouldBeSorted(java.lang.String)
]]></system-out>
  </testcase>
  <testcase name="runScenario[&quot;User filters products by Price (low to high)&quot;, &quot;Product catalog browsing on SauceDemo&quot;](13)" classname="runners.TestRunner" time="0.194">
    <system-out><![CDATA[
Scenario: User filters products by Price (low to high)        # src/test/java/features/product-catalog.feature:17
  Given the user is on the login page                         # stepdefinitions.LoginSteps.userIsOnLoginPage()
  When the user enters "standard_user" and "secret_sauce"     # stepdefinitions.LoginSteps.userEntersCredentials(java.lang.String,java.lang.String)
  And clicks the login button                                 # stepdefinitions.LoginSteps.userClicksLoginButton()
  And the user selects filter option "Price (low to high)"    # stepdefinitions.ProductCatalogSteps.userSelectsFilterOption(java.lang.String)
  Then the products should be sorted by "Price (low to high)" # stepdefinitions.ProductCatalogSteps.productsShouldBeSorted(java.lang.String)
]]></system-out>
  </testcase>
  <testcase name="runScenario[&quot;User views product details&quot;, &quot;Product catalog browsing on SauceDemo&quot;](14)" classname="runners.TestRunner" time="2.306">
    <system-out><![CDATA[
Scenario: User views product details                                                       # src/test/java/features/product-catalog.feature:24
  Given the user is on the login page                                                      # stepdefinitions.LoginSteps.userIsOnLoginPage()
  When the user enters "standard_user" and "secret_sauce"                                  # stepdefinitions.LoginSteps.userEntersCredentials(java.lang.String,java.lang.String)
  And clicks the login button                                                              # stepdefinitions.LoginSteps.userClicksLoginButton()
  And the user clicks on product "Sauce Labs Backpack"                                     # stepdefinitions.ProductCatalogSteps.userClicksOnProduct(java.lang.String)
  Then the product detail page should be displayed with product name "Sauce Labs Backpack" # stepdefinitions.ProductCatalogSteps.productDetailPageShouldBeDisplayed(java.lang.String)
]]></system-out>
  </testcase>
</testsuite>