<?xml version="1.0" encoding="UTF-8"?>
<testng-results ignored="0" total="14" passed="13" failed="1" skipped="0">
  <reporter-output>
  </reporter-output>
  <suite started-at="2025-02-22T16:14:06 WIB" name="Surefire suite" finished-at="2025-02-22T16:15:44 WIB" duration-ms="97888">
    <groups>
      <group name="cucumber">
        <method signature="AbstractTestNGCucumberTests.runScenario(io.cucumber.testng.PickleWrapper,io.cucumber.testng.FeatureWrapper)[pri:0, instance:runners.TestRunner@44821a96]" name="runScenario" class="io.cucumber.testng.AbstractTestNGCucumberTests"/>
      </group> <!-- cucumber -->
    </groups>
    <test started-at="2025-02-22T16:14:06 WIB" name="Surefire test" finished-at="2025-02-22T16:15:44 WIB" duration-ms="97888">
      <class name="runners.TestRunner">
        <test-method is-config="true" signature="setUpClass(org.testng.ITestContext)[pri:0, instance:runners.TestRunner@44821a96]" started-at="2025-02-22T16:14:06 WIB" name="setUpClass" finished-at="2025-02-22T16:14:07 WIB" duration-ms="389" status="PASS">
          <params>
            <param index="0">
              <value>
                <![CDATA[org.testng.TestRunner@26d8908e]]>
              </value>
            </param>
          </params>
          <reporter-output>
          </reporter-output>
        </test-method> <!-- setUpClass -->
        <test-method signature="runScenario(io.cucumber.testng.PickleWrapper,io.cucumber.testng.FeatureWrapper)[pri:0, instance:runners.TestRunner@44821a96]" started-at="2025-02-22T16:14:07 WIB" name="runScenario" description="Runs Cucumber Scenarios" data-provider="scenarios" finished-at="2025-02-22T16:14:14 WIB" duration-ms="7343" status="PASS">
          <params>
            <param index="0">
              <value>
                <![CDATA["User selects a product and completes the checkout process"]]>
              </value>
            </param>
            <param index="1">
              <value>
                <![CDATA["Checkout functionality on SauceDemo"]]>
              </value>
            </param>
          </params>
          <reporter-output>
          </reporter-output>
        </test-method> <!-- runScenario -->
        <test-method signature="runScenario(io.cucumber.testng.PickleWrapper,io.cucumber.testng.FeatureWrapper)[pri:0, instance:runners.TestRunner@44821a96]" started-at="2025-02-22T16:14:14 WIB" name="runScenario" description="Runs Cucumber Scenarios" data-provider="scenarios" finished-at="2025-02-22T16:14:22 WIB" duration-ms="7512" status="PASS">
          <params>
            <param index="0">
              <value>
                <![CDATA["User fails to checkout with empty first name"]]>
              </value>
            </param>
            <param index="1">
              <value>
                <![CDATA["Checkout functionality on SauceDemo"]]>
              </value>
            </param>
          </params>
          <reporter-output>
          </reporter-output>
        </test-method> <!-- runScenario -->
        <test-method signature="runScenario(io.cucumber.testng.PickleWrapper,io.cucumber.testng.FeatureWrapper)[pri:0, instance:runners.TestRunner@44821a96]" started-at="2025-02-22T16:14:22 WIB" name="runScenario" description="Runs Cucumber Scenarios" data-provider="scenarios" finished-at="2025-02-22T16:14:29 WIB" duration-ms="7394" status="PASS">
          <params>
            <param index="0">
              <value>
                <![CDATA["User fails to checkout with empty last name"]]>
              </value>
            </param>
            <param index="1">
              <value>
                <![CDATA["Checkout functionality on SauceDemo"]]>
              </value>
            </param>
          </params>
          <reporter-output>
          </reporter-output>
        </test-method> <!-- runScenario -->
        <test-method signature="runScenario(io.cucumber.testng.PickleWrapper,io.cucumber.testng.FeatureWrapper)[pri:0, instance:runners.TestRunner@44821a96]" started-at="2025-02-22T16:14:29 WIB" name="runScenario" description="Runs Cucumber Scenarios" data-provider="scenarios" finished-at="2025-02-22T16:14:36 WIB" duration-ms="7154" status="PASS">
          <params>
            <param index="0">
              <value>
                <![CDATA["User fails to checkout with empty postal code"]]>
              </value>
            </param>
            <param index="1">
              <value>
                <![CDATA["Checkout functionality on SauceDemo"]]>
              </value>
            </param>
          </params>
          <reporter-output>
          </reporter-output>
        </test-method> <!-- runScenario -->
        <test-method signature="runScenario(io.cucumber.testng.PickleWrapper,io.cucumber.testng.FeatureWrapper)[pri:0, instance:runners.TestRunner@44821a96]" started-at="2025-02-22T16:14:36 WIB" name="runScenario" description="Runs Cucumber Scenarios" data-provider="scenarios" finished-at="2025-02-22T16:14:45 WIB" duration-ms="8901" status="PASS">
          <params>
            <param index="0">
              <value>
                <![CDATA["User successfully logs in with valid credentials"]]>
              </value>
            </param>
            <param index="1">
              <value>
                <![CDATA["Login functionality on SauceDemo"]]>
              </value>
            </param>
          </params>
          <reporter-output>
          </reporter-output>
        </test-method> <!-- runScenario -->
        <test-method signature="runScenario(io.cucumber.testng.PickleWrapper,io.cucumber.testng.FeatureWrapper)[pri:0, instance:runners.TestRunner@44821a96]" started-at="2025-02-22T16:14:45 WIB" name="runScenario" description="Runs Cucumber Scenarios" data-provider="scenarios" finished-at="2025-02-22T16:14:52 WIB" duration-ms="6932" status="PASS">
          <params>
            <param index="0">
              <value>
                <![CDATA["User fails to log in with incorrect username"]]>
              </value>
            </param>
            <param index="1">
              <value>
                <![CDATA["Login functionality on SauceDemo"]]>
              </value>
            </param>
          </params>
          <reporter-output>
          </reporter-output>
        </test-method> <!-- runScenario -->
        <test-method signature="runScenario(io.cucumber.testng.PickleWrapper,io.cucumber.testng.FeatureWrapper)[pri:0, instance:runners.TestRunner@44821a96]" started-at="2025-02-22T16:14:52 WIB" name="runScenario" description="Runs Cucumber Scenarios" data-provider="scenarios" finished-at="2025-02-22T16:14:59 WIB" duration-ms="7160" status="PASS">
          <params>
            <param index="0">
              <value>
                <![CDATA["User fails to log in with incorrect password"]]>
              </value>
            </param>
            <param index="1">
              <value>
                <![CDATA["Login functionality on SauceDemo"]]>
              </value>
            </param>
          </params>
          <reporter-output>
          </reporter-output>
        </test-method> <!-- runScenario -->
        <test-method signature="runScenario(io.cucumber.testng.PickleWrapper,io.cucumber.testng.FeatureWrapper)[pri:0, instance:runners.TestRunner@44821a96]" started-at="2025-02-22T16:14:59 WIB" name="runScenario" description="Runs Cucumber Scenarios" data-provider="scenarios" finished-at="2025-02-22T16:15:06 WIB" duration-ms="7150" status="PASS">
          <params>
            <param index="0">
              <value>
                <![CDATA["User fails to log in with empty credentials"]]>
              </value>
            </param>
            <param index="1">
              <value>
                <![CDATA["Login functionality on SauceDemo"]]>
              </value>
            </param>
          </params>
          <reporter-output>
          </reporter-output>
        </test-method> <!-- runScenario -->
        <test-method signature="runScenario(io.cucumber.testng.PickleWrapper,io.cucumber.testng.FeatureWrapper)[pri:0, instance:runners.TestRunner@44821a96]" started-at="2025-02-22T16:15:06 WIB" name="runScenario" description="Runs Cucumber Scenarios" data-provider="scenarios" finished-at="2025-02-22T16:15:13 WIB" duration-ms="6824" status="PASS">
          <params>
            <param index="0">
              <value>
                <![CDATA["User fails to log in with empty password"]]>
              </value>
            </param>
            <param index="1">
              <value>
                <![CDATA["Login functionality on SauceDemo"]]>
              </value>
            </param>
          </params>
          <reporter-output>
          </reporter-output>
        </test-method> <!-- runScenario -->
        <test-method signature="runScenario(io.cucumber.testng.PickleWrapper,io.cucumber.testng.FeatureWrapper)[pri:0, instance:runners.TestRunner@44821a96]" started-at="2025-02-22T16:15:13 WIB" name="runScenario" description="Runs Cucumber Scenarios" data-provider="scenarios" finished-at="2025-02-22T16:15:20 WIB" duration-ms="7272" status="PASS">
          <params>
            <param index="0">
              <value>
                <![CDATA["User fails to log in with empty username"]]>
              </value>
            </param>
            <param index="1">
              <value>
                <![CDATA["Login functionality on SauceDemo"]]>
              </value>
            </param>
          </params>
          <reporter-output>
          </reporter-output>
        </test-method> <!-- runScenario -->
        <test-method signature="runScenario(io.cucumber.testng.PickleWrapper,io.cucumber.testng.FeatureWrapper)[pri:0, instance:runners.TestRunner@44821a96]" started-at="2025-02-22T16:15:20 WIB" name="runScenario" description="Runs Cucumber Scenarios" data-provider="scenarios" finished-at="2025-02-22T16:15:41 WIB" duration-ms="20618" status="FAIL">
          <params>
            <param index="0">
              <value>
                <![CDATA["User views product catalog"]]>
              </value>
            </param>
            <param index="1">
              <value>
                <![CDATA["Product catalog browsing on SauceDemo"]]>
              </value>
            </param>
          </params>
          <exception class="org.openqa.selenium.TimeoutException">
            <message>
              <![CDATA[Expected condition failed: waiting for visibility of all elements located by By.xpath: //div[@data-test='inventory-item'] (tried for 10 second(s) with 500 milliseconds interval)
Build info: version: '4.12.1', revision: '8e34639b11'
System info: os.name: 'Mac OS X', os.arch: 'aarch64', os.version: '15.2', java.version: '17.0.7'
Driver info: org.openqa.selenium.chrome.ChromeDriver
Capabilities {acceptInsecureCerts: false, browserName: chrome, browserVersion: 133.0.6943.127, chrome: {chromedriverVersion: 133.0.6943.126 (cffa127ce7b..., userDataDir: /var/folders/9n/qdd87m_d27v...}, fedcm:accounts: true, goog:chromeOptions: {debuggerAddress: localhost:61536}, networkConnectionEnabled: false, pageLoadStrategy: normal, platformName: mac, proxy: Proxy(), se:cdp: ws://localhost:61536/devtoo..., se:cdpVersion: 133.0.6943.127, setWindowRect: true, strictFileInteractability: false, timeouts: {implicit: 0, pageLoad: 300000, script: 30000}, unhandledPromptBehavior: dismiss and notify, webauthn:extension:credBlob: true, webauthn:extension:largeBlob: true, webauthn:extension:minPinLength: true, webauthn:extension:prf: true, webauthn:virtualAuthenticators: true}
Session ID: 4f6f662a218d09eb6d9c292f44d45148]]>
            </message>
            <full-stacktrace>
              <![CDATA[org.openqa.selenium.TimeoutException: Expected condition failed: waiting for visibility of all elements located by By.xpath: //div[@data-test='inventory-item'] (tried for 10 second(s) with 500 milliseconds interval)
Build info: version: '4.12.1', revision: '8e34639b11'
System info: os.name: 'Mac OS X', os.arch: 'aarch64', os.version: '15.2', java.version: '17.0.7'
Driver info: org.openqa.selenium.chrome.ChromeDriver
Capabilities {acceptInsecureCerts: false, browserName: chrome, browserVersion: 133.0.6943.127, chrome: {chromedriverVersion: 133.0.6943.126 (cffa127ce7b..., userDataDir: /var/folders/9n/qdd87m_d27v...}, fedcm:accounts: true, goog:chromeOptions: {debuggerAddress: localhost:61536}, networkConnectionEnabled: false, pageLoadStrategy: normal, platformName: mac, proxy: Proxy(), se:cdp: ws://localhost:61536/devtoo..., se:cdpVersion: 133.0.6943.127, setWindowRect: true, strictFileInteractability: false, timeouts: {implicit: 0, pageLoad: 300000, script: 30000}, unhandledPromptBehavior: dismiss and notify, webauthn:extension:credBlob: true, webauthn:extension:largeBlob: true, webauthn:extension:minPinLength: true, webauthn:extension:prf: true, webauthn:virtualAuthenticators: true}
Session ID: 4f6f662a218d09eb6d9c292f44d45148
at org.openqa.selenium.support.ui.WebDriverWait.timeoutException(WebDriverWait.java:84)
at org.openqa.selenium.support.ui.FluentWait.until(FluentWait.java:230)
at pages.HomePage.isProductCatalogDisplayed(HomePage.java:55)
at stepdefinitions.ProductCatalogSteps.productCatalogShouldBeDisplayed(ProductCatalogSteps.java:22)
at ✽.the user should see the product catalog(file:///Users/devo/TestNG%20Project/saucedemo-automation/saucedemo-automation/saucedemo-automation/src/test/java/features/product-catalog.feature:8)
]]>
            </full-stacktrace>
          </exception> <!-- org.openqa.selenium.TimeoutException -->
          <reporter-output>
          </reporter-output>
        </test-method> <!-- runScenario -->
        <test-method signature="runScenario(io.cucumber.testng.PickleWrapper,io.cucumber.testng.FeatureWrapper)[pri:0, instance:runners.TestRunner@44821a96]" started-at="2025-02-22T16:15:41 WIB" name="runScenario" description="Runs Cucumber Scenarios" data-provider="scenarios" finished-at="2025-02-22T16:15:42 WIB" duration-ms="660" status="PASS">
          <params>
            <param index="0">
              <value>
                <![CDATA["User filters products by Name (A to Z)"]]>
              </value>
            </param>
            <param index="1">
              <value>
                <![CDATA["Product catalog browsing on SauceDemo"]]>
              </value>
            </param>
          </params>
          <reporter-output>
          </reporter-output>
        </test-method> <!-- runScenario -->
        <test-method signature="runScenario(io.cucumber.testng.PickleWrapper,io.cucumber.testng.FeatureWrapper)[pri:0, instance:runners.TestRunner@44821a96]" started-at="2025-02-22T16:15:42 WIB" name="runScenario" description="Runs Cucumber Scenarios" data-provider="scenarios" finished-at="2025-02-22T16:15:42 WIB" duration-ms="193" status="PASS">
          <params>
            <param index="0">
              <value>
                <![CDATA["User filters products by Price (low to high)"]]>
              </value>
            </param>
            <param index="1">
              <value>
                <![CDATA["Product catalog browsing on SauceDemo"]]>
              </value>
            </param>
          </params>
          <reporter-output>
          </reporter-output>
        </test-method> <!-- runScenario -->
        <test-method signature="runScenario(io.cucumber.testng.PickleWrapper,io.cucumber.testng.FeatureWrapper)[pri:0, instance:runners.TestRunner@44821a96]" started-at="2025-02-22T16:15:42 WIB" name="runScenario" description="Runs Cucumber Scenarios" data-provider="scenarios" finished-at="2025-02-22T16:15:44 WIB" duration-ms="2299" status="PASS">
          <params>
            <param index="0">
              <value>
                <![CDATA["User views product details"]]>
              </value>
            </param>
            <param index="1">
              <value>
                <![CDATA["Product catalog browsing on SauceDemo"]]>
              </value>
            </param>
          </params>
          <reporter-output>
          </reporter-output>
        </test-method> <!-- runScenario -->
        <test-method is-config="true" signature="tearDownClass()[pri:0, instance:runners.TestRunner@44821a96]" started-at="2025-02-22T16:15:44 WIB" name="tearDownClass" finished-at="2025-02-22T16:15:44 WIB" duration-ms="18" status="PASS">
          <reporter-output>
          </reporter-output>
        </test-method> <!-- tearDownClass -->
      </class> <!-- runners.TestRunner -->
    </test> <!-- Surefire test -->
  </suite> <!-- Surefire suite -->
</testng-results>
