<?xml version="1.0" encoding="UTF-8"?>
<!-- Generated by org.testng.reporters.JUnitReportReporter -->
<testsuite hostname="Devos-MacBook-Air.local" failures="0" tests="14" name="runners.TestRunner" time="97.412" errors="1" timestamp="2025-02-22T16:15:44 WIB" skipped="0">
  <testcase classname="runners.TestRunner" name="runScenario" time="7.150"/>
  <testcase classname="runners.TestRunner" name="runScenario" time="7.154"/>
  <testcase classname="runners.TestRunner" name="runScenario" time="7.343"/>
  <testcase classname="runners.TestRunner" name="runScenario" time="7.394"/>
  <testcase classname="runners.TestRunner" name="runScenario" time="7.272"/>
  <testcase classname="runners.TestRunner" name="runScenario" time="7.512"/>
  <testcase classname="runners.TestRunner" name="runScenario" time="8.901"/>
  <testcase classname="runners.TestRunner" name="runScenario" time="2.299"/>
  <testcase classname="runners.TestRunner" name="runScenario" time="7.160"/>
  <testcase classname="runners.TestRunner" name="runScenario" time="6.824"/>
  <testcase classname="runners.TestRunner" name="runScenario" time="0.193"/>
  <testcase classname="runners.TestRunner" name="runScenario" time="6.932"/>
  <testcase classname="runners.TestRunner" name="runScenario" time="20.618">
    <error message="Expected condition failed: waiting for visibility of all elements located by By.xpath: //div[@data-test=&#039;inventory-item&#039;] (tried for 10 second(s) with 500 milliseconds interval)
Build info: version: &#039;4.12.1&#039;, revision: &#039;8e34639b11&#039;
System info: os.name: &#039;Mac OS X&#039;, os.arch: &#039;aarch64&#039;, os.version: &#039;15.2&#039;, java.version: &#039;17.0.7&#039;
Driver info: org.openqa.selenium.chrome.ChromeDriver
Capabilities {acceptInsecureCerts: false, browserName: chrome, browserVersion: 133.0.6943.127, chrome: {chromedriverVersion: 133.0.6943.126 (cffa127ce7b..., userDataDir: /var/folders/9n/qdd87m_d27v...}, fedcm:accounts: true, goog:chromeOptions: {debuggerAddress: localhost:61536}, networkConnectionEnabled: false, pageLoadStrategy: normal, platformName: mac, proxy: Proxy(), se:cdp: ws://localhost:61536/devtoo..., se:cdpVersion: 133.0.6943.127, setWindowRect: true, strictFileInteractability: false, timeouts: {implicit: 0, pageLoad: 300000, script: 30000}, unhandledPromptBehavior: dismiss and notify, webauthn:extension:credBlob: true, webauthn:extension:largeBlob: true, webauthn:extension:minPinLength: true, webauthn:extension:prf: true, webauthn:virtualAuthenticators: true}
Session ID: 4f6f662a218d09eb6d9c292f44d45148" type="org.openqa.selenium.TimeoutException">
      <![CDATA[org.openqa.selenium.TimeoutException: Expected condition failed: waiting for visibility of all elements located by By.xpath: //div[@data-test='inventory-item'] (tried for 10 second(s) with 500 milliseconds interval)
Build info: version: '4.12.1', revision: '8e34639b11'
System info: os.name: 'Mac OS X', os.arch: 'aarch64', os.version: '15.2', java.version: '17.0.7'
Driver info: org.openqa.selenium.chrome.ChromeDriver
Capabilities {acceptInsecureCerts: false, browserName: chrome, browserVersion: 133.0.6943.127, chrome: {chromedriverVersion: 133.0.6943.126 (cffa127ce7b..., userDataDir: /var/folders/9n/qdd87m_d27v...}, fedcm:accounts: true, goog:chromeOptions: {debuggerAddress: localhost:61536}, networkConnectionEnabled: false, pageLoadStrategy: normal, platformName: mac, proxy: Proxy(), se:cdp: ws://localhost:61536/devtoo..., se:cdpVersion: 133.0.6943.127, setWindowRect: true, strictFileInteractability: false, timeouts: {implicit: 0, pageLoad: 300000, script: 30000}, unhandledPromptBehavior: dismiss and notify, webauthn:extension:credBlob: true, webauthn:extension:largeBlob: true, webauthn:extension:minPinLength: true, webauthn:extension:prf: true, webauthn:virtualAuthenticators: true}
Session ID: 4f6f662a218d09eb6d9c292f44d45148
at org.openqa.selenium.support.ui.WebDriverWait.timeoutException(WebDriverWait.java:84)
at org.openqa.selenium.support.ui.FluentWait.until(FluentWait.java:230)
at pages.HomePage.isProductCatalogDisplayed(HomePage.java:55)
at stepdefinitions.ProductCatalogSteps.productCatalogShouldBeDisplayed(ProductCatalogSteps.java:22)
at ✽.the user should see the product catalog(file:///Users/devo/TestNG%20Project/saucedemo-automation/saucedemo-automation/saucedemo-automation/src/test/java/features/product-catalog.feature:8)
]]>
    </error>
  </testcase> <!-- runScenario -->
  <testcase classname="runners.TestRunner" name="runScenario" time="0.660"/>
</testsuite> <!-- runners.TestRunner -->
